


          SolidWorks Corporation - STEP Processor Error Log
          ______________________________________________________

                       STEP Post Processor
                       ___________________


STEP File Name: C:\Users\Rodo\Dropbox\Mestrado\Projeto Birotor\Modelagem SolidWorks\Pecas\Bateria\2200mAh LiPo.stp


As superfícies foram processadas com êxito em um corpo sólido.
STEP- importação concluída.AVISO: Surface problem...O construtor de superfície aparada não pôde convergir para a solução.
As superfícies foram processadas com êxito em um corpo sólido.
STEP- importação concluída.
Error: Não foi possível criar o sólido a partir das superfícies aparadas.
STEP-importação não foi concluída com êxito.
As superfícies foram processadas com êxito em um corpo sólido.
STEP- importação concluída.Reversing curve, low: -0.00142368, high: -0.0016639
Reversing curve, low: 0.0294823, high: 0.00822699
Reversing curve, low: -0.00142368, high: -0.0016639
Reversing curve, low: 0.0294823, high: 0.00822699
As superfícies foram processadas com êxito em um corpo sólido.
STEP- importação concluída.
Error: Não foi possível criar o sólido a partir das superfícies aparadas.
STEP-importação não foi concluída com êxito.
As superfícies foram processadas com êxito em um corpo sólido.
STEP- importação concluída.As superfícies foram processadas com êxito em um corpo sólido.
STEP- importação concluída.As superfícies foram processadas com êxito em um corpo sólido.
STEP- importação concluída.As superfícies foram processadas com êxito em um corpo sólido.
STEP- importação concluída.As superfícies foram processadas com êxito em um corpo sólido.
STEP- importação concluída.As superfícies foram processadas com êxito em um corpo sólido.
STEP- importação concluída.As superfícies foram processadas com êxito em um corpo sólido.
STEP- importação concluída.As superfícies foram processadas com êxito em um corpo sólido.
STEP- importação concluída.XLTR: Circuit sanity failure
As superfícies foram processadas com êxito em um corpo sólido.
STEP- importação concluída.As superfícies foram processadas com êxito em um corpo sólido.
STEP- importação concluída.As superfícies foram processadas com êxito em um corpo sólido.
STEP- importação concluída.